<?xml version="1.0" encoding="UTF-8"?>
<!-- Generated by org.testng.reporters.JUnitXMLReporter -->
<testsuite hostname="LAPTOP-CQGRI548" name="Test" tests="3" failures="0" timestamp="16 Jan 2021 12:53:17 GMT" time="65.421" errors="0">
  <testcase name="launchSite" time="17.6" classname="com.hpractice.in.AmzMenulink"/>
  <testcase name="menuLink" time="14.913" classname="com.hpractice.in.AmzMenulink"/>
  <testcase name="homeAgain" time="2.613" classname="com.hpractice.in.AmzMenulink"/>
</testsuite> <!-- Test -->
